00:43:46.119 [com.intuit.karate.cli.Main.main()] INFO  com.intuit.karate - Karate version: 1.4.1
00:48:30.830 [main] INFO  com.intuit.karate.Runner - using system property 'karate.options': --tags @debug
00:48:31.754 [main] DEBUG com.intuit.karate.Suite - [config] classpath:karate-config.js
00:48:33.995 [main] INFO  com.intuit.karate - karate.env system property was: null 
00:48:34.008 [main] INFO  com.intuit.karate - >> lock acquired, begin callSingle: classpath:helpers/CreateToken.feature
00:48:34.860 [main] DEBUG com.intuit.karate - request:
1 > POST https://conduit-api.bondaracademy.com/api/users/login
1 > Content-Type: application/json; charset=UTF-8
1 > Content-Length: 67
1 > Host: conduit-api.bondaracademy.com
1 > Connection: Keep-Alive
1 > User-Agent: Apache-HttpClient/4.5.14 (Java/11.0.23)
1 > Accept-Encoding: gzip,deflate
{"user":{"email":"monikageller@yopmail.com","password":"Test@123"}}

00:48:35.858 [main] DEBUG com.intuit.karate - response time in milliseconds: 989
1 < 200
1 < x-powered-by: Express
1 < access-control-allow-origin: https://conduit.bondaracademy.com
1 < vary: Origin
1 < content-type: application/json; charset=utf-8
1 < etag: W/"13f-lzDafv/W4wTcqswRal1eWRS21vs"
1 < X-Cloud-Trace-Context: 8dbb091eb82bb4ab58e29f4ecd7a49f9;o=1
1 < Date: Thu, 16 May 2024 19:18:35 GMT
1 < Server: Google Frontend
1 < Content-Length: 319
{"user":{"email":"monikageller@yopmail.com","username":"monikageller","bio":null,"image":"https://conduit-api.bondaracademy.com/images/smiley-cyrus.jpeg","token":"eyJhbGciOiJIUzI1NiIsInR5cCI6IkpXVCJ9.eyJ1c2VyIjp7ImlkIjozOTA5fSwiaWF0IjoxNzE1ODg3MTE1LCJleHAiOjE3MjEwNzExMTV9.j-StzK6yoU6nW32IQHvjGAAyKSDyQ6qxT3yoeLAU2MQ"}}

00:48:35.878 [main] INFO  com.intuit.karate - << lock released, cached callSingle: classpath:helpers/CreateToken.feature
00:48:36.388 [main] DEBUG com.intuit.karate - request:
1 > POST https://conduit-api.bondaracademy.com/api/users
1 > Authorization: Token eyJhbGciOiJIUzI1NiIsInR5cCI6IkpXVCJ9.eyJ1c2VyIjp7ImlkIjozOTA5fSwiaWF0IjoxNzE1ODg3MTE1LCJleHAiOjE3MjEwNzExMTV9.j-StzK6yoU6nW32IQHvjGAAyKSDyQ6qxT3yoeLAU2MQ
1 > Content-Type: application/json; charset=UTF-8
1 > Content-Length: 97
1 > Host: conduit-api.bondaracademy.com
1 > Connection: Keep-Alive
1 > User-Agent: Apache-HttpClient/4.5.14 (Java/11.0.23)
1 > Accept-Encoding: gzip,deflate
{"user":{"email":"monikageller@yopmail.com","password":"Test@123","username":"rigoberto.murphy"}}

00:48:36.842 [main] DEBUG com.intuit.karate - response time in milliseconds: 451
1 < 422
1 < x-powered-by: Express
1 < access-control-allow-origin: https://conduit.bondaracademy.com
1 < vary: Origin
1 < content-type: application/json; charset=utf-8
1 < etag: W/"2f-BJEnYqgmLwV4NGkXB9OccFtans4"
1 < X-Cloud-Trace-Context: d3134c632710712d033f6a8cfeed3466
1 < Date: Thu, 16 May 2024 19:18:36 GMT
1 < Server: Google Frontend
1 < Content-Length: 47
{"errors":{"email":["has already been taken"]}}

00:48:36.927 [main] INFO  com.intuit.karate - karate.env system property was: null 
00:48:37.069 [main] DEBUG com.intuit.karate - request:
1 > POST https://conduit-api.bondaracademy.com/api/users
1 > Authorization: Token eyJhbGciOiJIUzI1NiIsInR5cCI6IkpXVCJ9.eyJ1c2VyIjp7ImlkIjozOTA5fSwiaWF0IjoxNzE1ODg3MTE1LCJleHAiOjE3MjEwNzExMTV9.j-StzK6yoU6nW32IQHvjGAAyKSDyQ6qxT3yoeLAU2MQ
1 > Content-Type: application/json; charset=UTF-8
1 > Content-Length: 90
1 > Host: conduit-api.bondaracademy.com
1 > Connection: Keep-Alive
1 > User-Agent: Apache-HttpClient/4.5.14 (Java/11.0.23)
1 > Accept-Encoding: gzip,deflate
{"user":{"email":"bert46@yopmail.com","password":"Test@123","username":"corrinne.kuhic1"}}

00:48:37.541 [main] DEBUG com.intuit.karate - response time in milliseconds: 470
1 < 422
1 < x-powered-by: Express
1 < access-control-allow-origin: https://conduit.bondaracademy.com
1 < vary: Origin
1 < content-type: application/json; charset=utf-8
1 < etag: W/"32-JsHJTKwNHW5NSVjFTl5ds7a++54"
1 < X-Cloud-Trace-Context: 099051ac13e83843d684f3cf40f926f0
1 < Date: Thu, 16 May 2024 19:18:37 GMT
1 < Server: Google Frontend
1 < Content-Length: 50
{"errors":{"username":["has already been taken"]}}

00:48:37.595 [main] INFO  com.intuit.karate - karate.env system property was: null 
00:48:37.705 [main] DEBUG com.intuit.karate - request:
1 > POST https://conduit-api.bondaracademy.com/api/users
1 > Authorization: Token eyJhbGciOiJIUzI1NiIsInR5cCI6IkpXVCJ9.eyJ1c2VyIjp7ImlkIjozOTA5fSwiaWF0IjoxNzE1ODg3MTE1LCJleHAiOjE3MjEwNzExMTV9.j-StzK6yoU6nW32IQHvjGAAyKSDyQ6qxT3yoeLAU2MQ
1 > Content-Type: application/json; charset=UTF-8
1 > Content-Length: 76
1 > Host: conduit-api.bondaracademy.com
1 > Connection: Keep-Alive
1 > User-Agent: Apache-HttpClient/4.5.14 (Java/11.0.23)
1 > Accept-Encoding: gzip,deflate
{"user":{"email":"","password":"Test@123","username":"nickole.stoltenberg"}}

00:48:38.160 [main] DEBUG com.intuit.karate - response time in milliseconds: 453
1 < 422
1 < x-powered-by: Express
1 < access-control-allow-origin: https://conduit.bondaracademy.com
1 < vary: Origin
1 < content-type: application/json; charset=utf-8
1 < etag: W/"27-t1Jmbh6zWQl9abIACseOZh9CIII"
1 < X-Cloud-Trace-Context: 470e2babfb7e8ede2844afd32ca5c2bc
1 < Date: Thu, 16 May 2024 19:18:37 GMT
1 < Server: Google Frontend
1 < Content-Length: 39
{"errors":{"email":["can't be blank"]}}

00:48:38.193 [main] INFO  com.intuit.karate - karate.env system property was: null 
00:48:38.276 [main] DEBUG com.intuit.karate - request:
1 > POST https://conduit-api.bondaracademy.com/api/users
1 > Authorization: Token eyJhbGciOiJIUzI1NiIsInR5cCI6IkpXVCJ9.eyJ1c2VyIjp7ImlkIjozOTA5fSwiaWF0IjoxNzE1ODg3MTE1LCJleHAiOjE3MjEwNzExMTV9.j-StzK6yoU6nW32IQHvjGAAyKSDyQ6qxT3yoeLAU2MQ
1 > Content-Type: application/json; charset=UTF-8
1 > Content-Length: 80
1 > Host: conduit-api.bondaracademy.com
1 > Connection: Keep-Alive
1 > User-Agent: Apache-HttpClient/4.5.14 (Java/11.0.23)
1 > Accept-Encoding: gzip,deflate
{"user":{"email":"mitchel8@yopmail.com","password":"","username":"bonny.berge"}}

00:48:38.717 [main] DEBUG com.intuit.karate - response time in milliseconds: 440
1 < 422
1 < x-powered-by: Express
1 < access-control-allow-origin: https://conduit.bondaracademy.com
1 < vary: Origin
1 < content-type: application/json; charset=utf-8
1 < etag: W/"2a-qbpXJMY/Kgu11LsJcjS0p5wC5b0"
1 < X-Cloud-Trace-Context: 894c653b0ffc337eca97d94f86f7558f
1 < Date: Thu, 16 May 2024 19:18:38 GMT
1 < Server: Google Frontend
1 < Content-Length: 42
{"errors":{"password":["can't be blank"]}}

00:48:38.745 [main] INFO  com.intuit.karate - karate.env system property was: null 
00:48:38.816 [main] DEBUG com.intuit.karate - request:
1 > POST https://conduit-api.bondaracademy.com/api/users
1 > Authorization: Token eyJhbGciOiJIUzI1NiIsInR5cCI6IkpXVCJ9.eyJ1c2VyIjp7ImlkIjozOTA5fSwiaWF0IjoxNzE1ODg3MTE1LCJleHAiOjE3MjEwNzExMTV9.j-StzK6yoU6nW32IQHvjGAAyKSDyQ6qxT3yoeLAU2MQ
1 > Content-Type: application/json; charset=UTF-8
1 > Content-Length: 78
1 > Host: conduit-api.bondaracademy.com
1 > Connection: Keep-Alive
1 > User-Agent: Apache-HttpClient/4.5.14 (Java/11.0.23)
1 > Accept-Encoding: gzip,deflate
{"user":{"email":"kayleen85@yopmail.com","password":"Test@123","username":""}}

00:48:39.275 [main] DEBUG com.intuit.karate - response time in milliseconds: 457
1 < 422
1 < x-powered-by: Express
1 < access-control-allow-origin: https://conduit.bondaracademy.com
1 < vary: Origin
1 < content-type: application/json; charset=utf-8
1 < etag: W/"2a-AIsgLw77Dx1RWMepi6jZReyj6jg"
1 < X-Cloud-Trace-Context: cc227b1f0ad62e42f8bba70f4c9d8f01
1 < Date: Thu, 16 May 2024 19:18:38 GMT
1 < Server: Google Frontend
1 < Content-Length: 42
{"errors":{"username":["can't be blank"]}}

00:49:16.725 [main] INFO  com.intuit.karate.Runner - using system property 'karate.options': --tags @debug
